Fitting 5 folds for each of 10 candidates, totalling 50 fits
[CV 1/5] END ....coef0=0, degree=2, kernel=poly;, score=0.717 total time=  37.6s
[CV 2/5] END ....coef0=0, degree=2, kernel=poly;, score=0.726 total time=  37.0s
[CV 3/5] END ....coef0=0, degree=2, kernel=poly;, score=0.724 total time=  37.6s
[CV 4/5] END ....coef0=0, degree=2, kernel=poly;, score=0.723 total time=  36.9s
[CV 5/5] END ....coef0=0, degree=2, kernel=poly;, score=0.728 total time=  37.4s
[CV 1/5] END ....coef0=0, degree=3, kernel=poly;, score=0.716 total time=  38.6s
[CV 2/5] END ....coef0=0, degree=3, kernel=poly;, score=0.727 total time=  38.4s
[CV 3/5] END ....coef0=0, degree=3, kernel=poly;, score=0.726 total time=  37.9s
[CV 4/5] END ....coef0=0, degree=3, kernel=poly;, score=0.724 total time=  38.1s
[CV 5/5] END ....coef0=0, degree=3, kernel=poly;, score=0.729 total time=  38.9s
[CV 1/5] END .coef0=0.01, degree=2, kernel=poly;, score=0.717 total time=  36.7s
[CV 2/5] END .coef0=0.01, degree=2, kernel=poly;, score=0.726 total time=  37.2s
[CV 3/5] END .coef0=0.01, degree=2, kernel=poly;, score=0.724 total time=  37.4s
[CV 4/5] END .coef0=0.01, degree=2, kernel=poly;, score=0.723 total time=  37.0s
[CV 5/5] END .coef0=0.01, degree=2, kernel=poly;, score=0.728 total time=  37.2s
[CV 1/5] END .coef0=0.01, degree=3, kernel=poly;, score=0.716 total time=  38.5s
[CV 2/5] END .coef0=0.01, degree=3, kernel=poly;, score=0.728 total time=  37.7s
[CV 3/5] END .coef0=0.01, degree=3, kernel=poly;, score=0.726 total time=  38.0s
[CV 4/5] END .coef0=0.01, degree=3, kernel=poly;, score=0.725 total time=  38.4s
[CV 5/5] END .coef0=0.01, degree=3, kernel=poly;, score=0.729 total time=  37.9s
[CV 1/5] END ..coef0=0.1, degree=2, kernel=poly;, score=0.717 total time=  37.2s
[CV 2/5] END ..coef0=0.1, degree=2, kernel=poly;, score=0.727 total time=  37.1s
[CV 3/5] END ..coef0=0.1, degree=2, kernel=poly;, score=0.724 total time=  36.9s
[CV 4/5] END ..coef0=0.1, degree=2, kernel=poly;, score=0.723 total time=  37.4s
[CV 5/5] END ..coef0=0.1, degree=2, kernel=poly;, score=0.729 total time=  37.3s
[CV 1/5] END ..coef0=0.1, degree=3, kernel=poly;, score=0.718 total time=  37.7s
[CV 2/5] END ..coef0=0.1, degree=3, kernel=poly;, score=0.729 total time=  37.5s
[CV 3/5] END ..coef0=0.1, degree=3, kernel=poly;, score=0.728 total time=  37.4s
[CV 4/5] END ..coef0=0.1, degree=3, kernel=poly;, score=0.725 total time=  37.7s
[CV 5/5] END ..coef0=0.1, degree=3, kernel=poly;, score=0.731 total time=  37.8s
[CV 1/5] END ....coef0=1, degree=2, kernel=poly;, score=0.719 total time=  37.3s
[CV 2/5] END ....coef0=1, degree=2, kernel=poly;, score=0.727 total time=  37.1s
[CV 3/5] END ....coef0=1, degree=2, kernel=poly;, score=0.725 total time=  36.6s
[CV 4/5] END ....coef0=1, degree=2, kernel=poly;, score=0.724 total time=  37.1s
[CV 5/5] END ....coef0=1, degree=2, kernel=poly;, score=0.730 total time=  37.1s
[CV 1/5] END ....coef0=1, degree=3, kernel=poly;, score=0.721 total time=  38.4s
[CV 2/5] END ....coef0=1, degree=3, kernel=poly;, score=0.731 total time=  38.6s
[CV 3/5] END ....coef0=1, degree=3, kernel=poly;, score=0.727 total time=  38.8s
[CV 4/5] END ....coef0=1, degree=3, kernel=poly;, score=0.725 total time=  38.9s
[CV 5/5] END ....coef0=1, degree=3, kernel=poly;, score=0.734 total time=  38.5s
[CV 1/5] END ...coef0=10, degree=2, kernel=poly;, score=0.719 total time=  36.7s
[CV 2/5] END ...coef0=10, degree=2, kernel=poly;, score=0.731 total time=  36.9s
[CV 3/5] END ...coef0=10, degree=2, kernel=poly;, score=0.729 total time=  37.1s
[CV 4/5] END ...coef0=10, degree=2, kernel=poly;, score=0.725 total time=  37.0s
[CV 5/5] END ...coef0=10, degree=2, kernel=poly;, score=0.732 total time=  37.4s
[CV 1/5] END ...coef0=10, degree=3, kernel=poly;, score=0.722 total time=  56.7s
[CV 2/5] END ...coef0=10, degree=3, kernel=poly;, score=0.732 total time=  59.0s
[CV 3/5] END ...coef0=10, degree=3, kernel=poly;, score=0.731 total time=  57.6s
[CV 4/5] END ...coef0=10, degree=3, kernel=poly;, score=0.728 total time=  58.3s
[CV 5/5] END ...coef0=10, degree=3, kernel=poly;, score=0.735 total time=  57.2s
